[2023-10-09 01:21:31Z INFO HostContext] No proxy settings were found based on environmental variables (http_proxy/https_proxy/HTTP_PROXY/HTTPS_PROXY)
[2023-10-09 01:21:31Z INFO HostContext] Well known directory 'Bin': '/home/shreyas/Documents/assignment-1-Shreyas-NR/actions-runner/bin'
[2023-10-09 01:21:31Z INFO HostContext] Well known directory 'Root': '/home/shreyas/Documents/assignment-1-Shreyas-NR/actions-runner'
[2023-10-09 01:21:31Z INFO HostContext] Well known config file 'Credentials': '/home/shreyas/Documents/assignment-1-Shreyas-NR/actions-runner/.credentials'
[2023-10-09 01:21:31Z INFO HostContext] Well known directory 'Bin': '/home/shreyas/Documents/assignment-1-Shreyas-NR/actions-runner/bin'
[2023-10-09 01:21:31Z INFO HostContext] Well known directory 'Root': '/home/shreyas/Documents/assignment-1-Shreyas-NR/actions-runner'
[2023-10-09 01:21:31Z INFO HostContext] Well known config file 'Runner': '/home/shreyas/Documents/assignment-1-Shreyas-NR/actions-runner/.runner'
[2023-10-09 01:21:31Z INFO Listener] Runner is built for Linux (X64) - linux-x64.
[2023-10-09 01:21:31Z INFO Listener] RuntimeInformation: Linux 5.15.0-86-generic #96~20.04.1-Ubuntu SMP Thu Sep 21 13:23:37 UTC 2023.
[2023-10-09 01:21:31Z INFO Listener] Version: 2.309.0
[2023-10-09 01:21:31Z INFO Listener] Commit: bdfef345577cb66994787a4166e717744da6379f
[2023-10-09 01:21:31Z INFO Listener] Culture: en-US
[2023-10-09 01:21:31Z INFO Listener] UI Culture: en-US
[2023-10-09 01:21:31Z INFO HostContext] Well known directory 'Bin': '/home/shreyas/Documents/assignment-1-Shreyas-NR/actions-runner/bin'
[2023-10-09 01:21:31Z INFO HostContext] Well known directory 'Root': '/home/shreyas/Documents/assignment-1-Shreyas-NR/actions-runner'
[2023-10-09 01:21:31Z INFO Listener] Validating directory permissions for: '/home/shreyas/Documents/assignment-1-Shreyas-NR/actions-runner'
[2023-10-09 01:21:31Z INFO CommandLineParser] Parse
[2023-10-09 01:21:31Z INFO CommandLineParser] Parsing 1 args
[2023-10-09 01:21:31Z INFO CommandLineParser] parsing argument
[2023-10-09 01:21:31Z INFO CommandLineParser] HasArgs: False
[2023-10-09 01:21:31Z INFO CommandLineParser] Adding Command: run
[2023-10-09 01:21:31Z INFO Listener] Arguments parsed
[2023-10-09 01:21:31Z INFO Runner] ExecuteCommand
[2023-10-09 01:21:31Z INFO ConfigurationStore] currentAssemblyLocation: /home/shreyas/Documents/assignment-1-Shreyas-NR/actions-runner/bin/Runner.Listener.dll
[2023-10-09 01:21:31Z INFO HostContext] Well known directory 'Bin': '/home/shreyas/Documents/assignment-1-Shreyas-NR/actions-runner/bin'
[2023-10-09 01:21:31Z INFO ConfigurationStore] binPath: /home/shreyas/Documents/assignment-1-Shreyas-NR/actions-runner/bin
[2023-10-09 01:21:31Z INFO HostContext] Well known directory 'Bin': '/home/shreyas/Documents/assignment-1-Shreyas-NR/actions-runner/bin'
[2023-10-09 01:21:31Z INFO HostContext] Well known directory 'Root': '/home/shreyas/Documents/assignment-1-Shreyas-NR/actions-runner'
[2023-10-09 01:21:31Z INFO ConfigurationStore] RootFolder: /home/shreyas/Documents/assignment-1-Shreyas-NR/actions-runner
[2023-10-09 01:21:31Z INFO HostContext] Well known directory 'Bin': '/home/shreyas/Documents/assignment-1-Shreyas-NR/actions-runner/bin'
[2023-10-09 01:21:31Z INFO HostContext] Well known directory 'Root': '/home/shreyas/Documents/assignment-1-Shreyas-NR/actions-runner'
[2023-10-09 01:21:31Z INFO HostContext] Well known config file 'Runner': '/home/shreyas/Documents/assignment-1-Shreyas-NR/actions-runner/.runner'
[2023-10-09 01:21:31Z INFO ConfigurationStore] ConfigFilePath: /home/shreyas/Documents/assignment-1-Shreyas-NR/actions-runner/.runner
[2023-10-09 01:21:31Z INFO HostContext] Well known directory 'Bin': '/home/shreyas/Documents/assignment-1-Shreyas-NR/actions-runner/bin'
[2023-10-09 01:21:31Z INFO HostContext] Well known directory 'Root': '/home/shreyas/Documents/assignment-1-Shreyas-NR/actions-runner'
[2023-10-09 01:21:31Z INFO HostContext] Well known config file 'Credentials': '/home/shreyas/Documents/assignment-1-Shreyas-NR/actions-runner/.credentials'
[2023-10-09 01:21:31Z INFO ConfigurationStore] CredFilePath: /home/shreyas/Documents/assignment-1-Shreyas-NR/actions-runner/.credentials
[2023-10-09 01:21:31Z INFO HostContext] Well known directory 'Bin': '/home/shreyas/Documents/assignment-1-Shreyas-NR/actions-runner/bin'
[2023-10-09 01:21:31Z INFO HostContext] Well known directory 'Root': '/home/shreyas/Documents/assignment-1-Shreyas-NR/actions-runner'
[2023-10-09 01:21:31Z INFO HostContext] Well known config file 'MigratedCredentials': '/home/shreyas/Documents/assignment-1-Shreyas-NR/actions-runner/.credentials_migrated'
[2023-10-09 01:21:31Z INFO ConfigurationStore] MigratedCredFilePath: /home/shreyas/Documents/assignment-1-Shreyas-NR/actions-runner/.credentials_migrated
[2023-10-09 01:21:31Z INFO HostContext] Well known directory 'Bin': '/home/shreyas/Documents/assignment-1-Shreyas-NR/actions-runner/bin'
[2023-10-09 01:21:31Z INFO HostContext] Well known directory 'Root': '/home/shreyas/Documents/assignment-1-Shreyas-NR/actions-runner'
[2023-10-09 01:21:31Z INFO HostContext] Well known config file 'Service': '/home/shreyas/Documents/assignment-1-Shreyas-NR/actions-runner/.service'
[2023-10-09 01:21:31Z INFO ConfigurationStore] ServiceConfigFilePath: /home/shreyas/Documents/assignment-1-Shreyas-NR/actions-runner/.service
[2023-10-09 01:21:31Z INFO CommandSettings] Flag 'help': 'False'
[2023-10-09 01:21:31Z INFO CommandSettings] Flag 'version': 'False'
[2023-10-09 01:21:31Z INFO CommandSettings] Flag 'commit': 'False'
[2023-10-09 01:21:31Z INFO CommandSettings] Flag 'check': 'False'
[2023-10-09 01:21:31Z INFO CommandSettings] Command 'configure': 'False'
[2023-10-09 01:21:31Z INFO CommandSettings] Command 'remove': 'False'
[2023-10-09 01:21:31Z INFO CommandSettings] Command 'warmup': 'False'
[2023-10-09 01:21:31Z INFO ConfigurationManager] LoadSettings
[2023-10-09 01:21:31Z INFO ConfigurationStore] IsConfigured()
[2023-10-09 01:21:31Z INFO ConfigurationStore] IsConfigured: True
[2023-10-09 01:21:31Z INFO ConfigurationManager] Is configured: True
[2023-10-09 01:21:31Z INFO ConfigurationStore] Read setting file: 308 chars
[2023-10-09 01:21:31Z INFO ConfigurationManager] Settings Loaded
[2023-10-09 01:21:31Z INFO ConfigurationStore] IsServiceConfigured()
[2023-10-09 01:21:31Z INFO ConfigurationStore] IsServiceConfigured: False
[2023-10-09 01:21:31Z INFO CommandSettings] Command 'run': 'True'
[2023-10-09 01:21:31Z INFO ConfigurationStore] IsConfigured()
[2023-10-09 01:21:31Z INFO ConfigurationStore] IsConfigured: True
[2023-10-09 01:21:31Z INFO ConfigurationManager] Is configured: True
[2023-10-09 01:21:31Z INFO Runner] Could not parse the argument value '' for StartupType. Defaulting to Manual
[2023-10-09 01:21:31Z INFO Runner] Set runner startup type - Manual
[2023-10-09 01:21:31Z INFO CommandSettings] Flag 'once': 'False'
[2023-10-09 01:21:31Z INFO CommandSettings] Flag 'once': 'False'
[2023-10-09 01:21:31Z INFO Runner] RunAsync
[2023-10-09 01:21:31Z INFO ConfigurationManager] LoadSettings
[2023-10-09 01:21:31Z INFO ConfigurationStore] IsConfigured()
[2023-10-09 01:21:31Z INFO ConfigurationStore] IsConfigured: True
[2023-10-09 01:21:31Z INFO ConfigurationManager] Is configured: True
[2023-10-09 01:21:31Z INFO ConfigurationManager] Settings Loaded
[2023-10-09 01:21:31Z INFO MessageListener] {
  "AgentId": 2,
  "AgentName": "Ubuntu",
  "PoolId": 1,
  "PoolName": "Default",
  "ServerUrl": "https://pipelinesghubeus8.actions.githubusercontent.com/kiBGIaYTxOqI2Qa8pHVDkqJzCILqHatUQCqdWIMvZm4ReG8i3c/",
  "GitHubUrl": "https://github.com/cu-ecen-aeld/assignment-1-Shreyas-NR",
  "WorkFolder": "_work"
}
[2023-10-09 01:21:31Z INFO MessageListener] Loading Credentials
[2023-10-09 01:21:31Z INFO ConfigurationStore] HasCredentials()
[2023-10-09 01:21:31Z INFO ConfigurationStore] stored True
[2023-10-09 01:21:31Z INFO CredentialManager] GetCredentialProvider
[2023-10-09 01:21:31Z INFO CredentialManager] Creating type OAuth
[2023-10-09 01:21:31Z INFO CredentialManager] Creating credential type: OAuth
[2023-10-09 01:21:31Z INFO HostContext] Well known directory 'Bin': '/home/shreyas/Documents/assignment-1-Shreyas-NR/actions-runner/bin'
[2023-10-09 01:21:31Z INFO HostContext] Well known directory 'Root': '/home/shreyas/Documents/assignment-1-Shreyas-NR/actions-runner'
[2023-10-09 01:21:31Z INFO HostContext] Well known config file 'RSACredentials': '/home/shreyas/Documents/assignment-1-Shreyas-NR/actions-runner/.credentials_rsaparams'
[2023-10-09 01:21:31Z INFO RSAFileKeyManager] Loading RSA key parameters from file /home/shreyas/Documents/assignment-1-Shreyas-NR/actions-runner/.credentials_rsaparams
[2023-10-09 01:21:31Z INFO MessageListener] Attempt to create session.
[2023-10-09 01:21:31Z INFO MessageListener] Connecting to the Runner Server...
[2023-10-09 01:21:31Z INFO RunnerServer] EstablishVssConnection
[2023-10-09 01:21:31Z INFO RunnerServer] Establish connection with 100 seconds timeout.
[2023-10-09 01:21:32Z INFO GitHubActionsService] Starting operation Location.GetConnectionData
[2023-10-09 01:21:32Z INFO RunnerServer] EstablishVssConnection
[2023-10-09 01:21:32Z INFO RunnerServer] Establish connection with 60 seconds timeout.
[2023-10-09 01:21:32Z INFO GitHubActionsService] Starting operation Location.GetConnectionData
[2023-10-09 01:21:32Z INFO RunnerServer] EstablishVssConnection
[2023-10-09 01:21:32Z INFO RunnerServer] Establish connection with 60 seconds timeout.
[2023-10-09 01:21:32Z INFO GitHubActionsService] Starting operation Location.GetConnectionData
[2023-10-09 01:21:32Z INFO GitHubActionsService] Finished operation Location.GetConnectionData
[2023-10-09 01:21:32Z INFO GitHubActionsService] Finished operation Location.GetConnectionData
[2023-10-09 01:21:32Z INFO GitHubActionsService] Finished operation Location.GetConnectionData
[2023-10-09 01:21:32Z INFO MessageListener] VssConnection created
[2023-10-09 01:21:32Z INFO Terminal] WRITE LINE: 
[2023-10-09 01:21:32Z INFO Terminal] WRITE LINE: 
[2023-10-09 01:21:33Z INFO RSAFileKeyManager] Loading RSA key parameters from file /home/shreyas/Documents/assignment-1-Shreyas-NR/actions-runner/.credentials_rsaparams
[2023-10-09 01:21:33Z INFO RSAFileKeyManager] Loading RSA key parameters from file /home/shreyas/Documents/assignment-1-Shreyas-NR/actions-runner/.credentials_rsaparams
[2023-10-09 01:21:33Z INFO GitHubActionsService] AAD Correlation ID for this token request: Unknown
[2023-10-09 01:21:33Z INFO MessageListener] Session created.
[2023-10-09 01:21:33Z INFO Terminal] WRITE LINE: Current runner version: '2.309.0'
[2023-10-09 01:21:33Z INFO Terminal] WRITE LINE: 2023-10-09 01:21:33Z: Listening for Jobs
[2023-10-09 01:21:33Z INFO JobDispatcher] Set runner/worker IPC timeout to 30 seconds.
[2023-10-09 01:21:58Z INFO Terminal] WRITE LINE: Exiting...
[2023-10-09 01:21:58Z INFO ConfigurationStore] IsServiceConfigured()
[2023-10-09 01:21:58Z INFO ConfigurationStore] IsServiceConfigured: False
[2023-10-09 01:21:58Z INFO HostContext] Runner will be shutdown for UserCancelled
[2023-10-09 01:21:58Z WARN GitHubActionsService] GET request to https://pipelinesghubeus8.actions.githubusercontent.com/kiBGIaYTxOqI2Qa8pHVDkqJzCILqHatUQCqdWIMvZm4ReG8i3c/_apis/distributedtask/pools/1/messages?sessionId=f4e9ce2e-121a-43c5-ae4c-9f75e9612b10&status=Online&runnerVersion=2.309.0 has been cancelled.
[2023-10-09 01:21:58Z INFO MessageListener] Get next message has been cancelled.
[2023-10-09 01:21:58Z INFO JobDispatcher] Shutting down JobDispatcher. Make sure all WorkerDispatcher has finished.
[2023-10-09 01:21:58Z INFO Listener] Runner execution been cancelled.
