[2023-10-09 01:20:36Z INFO HostContext] No proxy settings were found based on environmental variables (http_proxy/https_proxy/HTTP_PROXY/HTTPS_PROXY)
[2023-10-09 01:20:36Z INFO HostContext] Well known directory 'Bin': '/home/shreyas/Documents/assignment-1-Shreyas-NR/actions-runner/bin'
[2023-10-09 01:20:36Z INFO HostContext] Well known directory 'Root': '/home/shreyas/Documents/assignment-1-Shreyas-NR/actions-runner'
[2023-10-09 01:20:36Z INFO HostContext] Well known config file 'Credentials': '/home/shreyas/Documents/assignment-1-Shreyas-NR/actions-runner/.credentials'
[2023-10-09 01:20:36Z INFO HostContext] Well known directory 'Bin': '/home/shreyas/Documents/assignment-1-Shreyas-NR/actions-runner/bin'
[2023-10-09 01:20:36Z INFO HostContext] Well known directory 'Root': '/home/shreyas/Documents/assignment-1-Shreyas-NR/actions-runner'
[2023-10-09 01:20:36Z INFO HostContext] Well known config file 'Runner': '/home/shreyas/Documents/assignment-1-Shreyas-NR/actions-runner/.runner'
[2023-10-09 01:20:36Z INFO Listener] Runner is built for Linux (X64) - linux-x64.
[2023-10-09 01:20:36Z INFO Listener] RuntimeInformation: Linux 5.15.0-86-generic #96~20.04.1-Ubuntu SMP Thu Sep 21 13:23:37 UTC 2023.
[2023-10-09 01:20:36Z INFO Listener] Version: 2.309.0
[2023-10-09 01:20:36Z INFO Listener] Commit: bdfef345577cb66994787a4166e717744da6379f
[2023-10-09 01:20:36Z INFO Listener] Culture: en-US
[2023-10-09 01:20:36Z INFO Listener] UI Culture: en-US
[2023-10-09 01:20:36Z INFO HostContext] Well known directory 'Bin': '/home/shreyas/Documents/assignment-1-Shreyas-NR/actions-runner/bin'
[2023-10-09 01:20:36Z INFO HostContext] Well known directory 'Root': '/home/shreyas/Documents/assignment-1-Shreyas-NR/actions-runner'
[2023-10-09 01:20:36Z INFO Listener] Validating directory permissions for: '/home/shreyas/Documents/assignment-1-Shreyas-NR/actions-runner'
[2023-10-09 01:20:36Z INFO CommandLineParser] Parse
[2023-10-09 01:20:36Z INFO CommandLineParser] Parsing 5 args
[2023-10-09 01:20:36Z INFO CommandLineParser] parsing argument
[2023-10-09 01:20:36Z INFO CommandLineParser] HasArgs: False
[2023-10-09 01:20:36Z INFO CommandLineParser] Adding Command: configure
[2023-10-09 01:20:36Z INFO CommandLineParser] parsing argument
[2023-10-09 01:20:36Z INFO CommandLineParser] HasArgs: True
[2023-10-09 01:20:36Z INFO CommandLineParser] arg: url
[2023-10-09 01:20:36Z INFO CommandLineParser] parsing argument
[2023-10-09 01:20:36Z INFO CommandLineParser] HasArgs: True
[2023-10-09 01:20:36Z INFO CommandLineParser] Adding option 'url': 'https://github.com/cu-ecen-aeld/assignment-1-Shreyas-NR'
[2023-10-09 01:20:36Z INFO CommandLineParser] parsing argument
[2023-10-09 01:20:36Z INFO CommandLineParser] HasArgs: True
[2023-10-09 01:20:36Z INFO CommandLineParser] arg: token
[2023-10-09 01:20:36Z INFO CommandLineParser] parsing argument
[2023-10-09 01:20:36Z INFO CommandLineParser] HasArgs: True
[2023-10-09 01:20:36Z INFO CommandLineParser] Adding option 'token': '***'
[2023-10-09 01:20:36Z INFO Listener] Arguments parsed
[2023-10-09 01:20:36Z INFO Runner] ExecuteCommand
[2023-10-09 01:20:36Z INFO ConfigurationStore] currentAssemblyLocation: /home/shreyas/Documents/assignment-1-Shreyas-NR/actions-runner/bin/Runner.Listener.dll
[2023-10-09 01:20:36Z INFO HostContext] Well known directory 'Bin': '/home/shreyas/Documents/assignment-1-Shreyas-NR/actions-runner/bin'
[2023-10-09 01:20:36Z INFO ConfigurationStore] binPath: /home/shreyas/Documents/assignment-1-Shreyas-NR/actions-runner/bin
[2023-10-09 01:20:36Z INFO HostContext] Well known directory 'Bin': '/home/shreyas/Documents/assignment-1-Shreyas-NR/actions-runner/bin'
[2023-10-09 01:20:36Z INFO HostContext] Well known directory 'Root': '/home/shreyas/Documents/assignment-1-Shreyas-NR/actions-runner'
[2023-10-09 01:20:36Z INFO ConfigurationStore] RootFolder: /home/shreyas/Documents/assignment-1-Shreyas-NR/actions-runner
[2023-10-09 01:20:36Z INFO HostContext] Well known directory 'Bin': '/home/shreyas/Documents/assignment-1-Shreyas-NR/actions-runner/bin'
[2023-10-09 01:20:36Z INFO HostContext] Well known directory 'Root': '/home/shreyas/Documents/assignment-1-Shreyas-NR/actions-runner'
[2023-10-09 01:20:36Z INFO HostContext] Well known config file 'Runner': '/home/shreyas/Documents/assignment-1-Shreyas-NR/actions-runner/.runner'
[2023-10-09 01:20:36Z INFO ConfigurationStore] ConfigFilePath: /home/shreyas/Documents/assignment-1-Shreyas-NR/actions-runner/.runner
[2023-10-09 01:20:36Z INFO HostContext] Well known directory 'Bin': '/home/shreyas/Documents/assignment-1-Shreyas-NR/actions-runner/bin'
[2023-10-09 01:20:36Z INFO HostContext] Well known directory 'Root': '/home/shreyas/Documents/assignment-1-Shreyas-NR/actions-runner'
[2023-10-09 01:20:36Z INFO HostContext] Well known config file 'Credentials': '/home/shreyas/Documents/assignment-1-Shreyas-NR/actions-runner/.credentials'
[2023-10-09 01:20:36Z INFO ConfigurationStore] CredFilePath: /home/shreyas/Documents/assignment-1-Shreyas-NR/actions-runner/.credentials
[2023-10-09 01:20:36Z INFO HostContext] Well known directory 'Bin': '/home/shreyas/Documents/assignment-1-Shreyas-NR/actions-runner/bin'
[2023-10-09 01:20:36Z INFO HostContext] Well known directory 'Root': '/home/shreyas/Documents/assignment-1-Shreyas-NR/actions-runner'
[2023-10-09 01:20:36Z INFO HostContext] Well known config file 'MigratedCredentials': '/home/shreyas/Documents/assignment-1-Shreyas-NR/actions-runner/.credentials_migrated'
[2023-10-09 01:20:36Z INFO ConfigurationStore] MigratedCredFilePath: /home/shreyas/Documents/assignment-1-Shreyas-NR/actions-runner/.credentials_migrated
[2023-10-09 01:20:36Z INFO HostContext] Well known directory 'Bin': '/home/shreyas/Documents/assignment-1-Shreyas-NR/actions-runner/bin'
[2023-10-09 01:20:36Z INFO HostContext] Well known directory 'Root': '/home/shreyas/Documents/assignment-1-Shreyas-NR/actions-runner'
[2023-10-09 01:20:36Z INFO HostContext] Well known config file 'Service': '/home/shreyas/Documents/assignment-1-Shreyas-NR/actions-runner/.service'
[2023-10-09 01:20:36Z INFO ConfigurationStore] ServiceConfigFilePath: /home/shreyas/Documents/assignment-1-Shreyas-NR/actions-runner/.service
[2023-10-09 01:20:36Z INFO CommandSettings] Flag 'help': 'False'
[2023-10-09 01:20:36Z INFO CommandSettings] Flag 'version': 'False'
[2023-10-09 01:20:36Z INFO CommandSettings] Flag 'commit': 'False'
[2023-10-09 01:20:36Z INFO CommandSettings] Flag 'check': 'False'
[2023-10-09 01:20:36Z INFO CommandSettings] Command 'configure': 'True'
[2023-10-09 01:20:36Z INFO Terminal] WRITE LINE: 
[2023-10-09 01:20:36Z INFO Terminal] WRITE LINE: --------------------------------------------------------------------------------
[2023-10-09 01:20:36Z INFO Terminal] WRITE LINE: |        ____ _ _   _   _       _          _        _   _                      |
[2023-10-09 01:20:36Z INFO Terminal] WRITE LINE: |       / ___(_) |_| | | |_   _| |__      / \   ___| |_(_) ___  _ __  ___      |
[2023-10-09 01:20:36Z INFO Terminal] WRITE LINE: |      | |  _| | __| |_| | | | | '_ \    / _ \ / __| __| |/ _ \| '_ \/ __|     |
[2023-10-09 01:20:36Z INFO Terminal] WRITE LINE: |      | |_| | | |_|  _  | |_| | |_) |  / ___ \ (__| |_| | (_) | | | \__ \     |
[2023-10-09 01:20:36Z INFO Terminal] WRITE LINE: |       \____|_|\__|_| |_|\__,_|_.__/  /_/   \_\___|\__|_|\___/|_| |_|___/     |
[2023-10-09 01:20:36Z INFO Terminal] WRITE LINE: |                                                                              |
[2023-10-09 01:20:36Z INFO Terminal] WRITE: |                       
[2023-10-09 01:20:36Z INFO Terminal] WRITE: Self-hosted runner registration
[2023-10-09 01:20:36Z INFO Terminal] WRITE LINE:                         |
[2023-10-09 01:20:36Z INFO Terminal] WRITE LINE: |                                                                              |
[2023-10-09 01:20:36Z INFO Terminal] WRITE LINE: --------------------------------------------------------------------------------
[2023-10-09 01:20:36Z INFO ConfigurationManager] ConfigureAsync
[2023-10-09 01:20:36Z INFO CommandSettings] Flag 'generateServiceConfig': 'False'
[2023-10-09 01:20:36Z INFO ConfigurationStore] IsConfigured()
[2023-10-09 01:20:36Z INFO ConfigurationStore] IsConfigured: False
[2023-10-09 01:20:36Z INFO ConfigurationManager] Is configured: False
[2023-10-09 01:20:36Z INFO CommandSettings] Arg 'url': 'https://github.com/cu-ecen-aeld/assignment-1-Shreyas-NR'
[2023-10-09 01:20:36Z INFO CommandSettings] Remove url from Arg dictionary.
[2023-10-09 01:20:36Z INFO CommandSettings] Arg 'token': '***'
[2023-10-09 01:20:36Z INFO CommandSettings] Remove token from Arg dictionary.
[2023-10-09 01:20:37Z INFO ConfigurationManager] Http response code: OK from 'POST https://api.github.com/actions/runner-registration' (E4D7:2CBC:1B15D47:37B221C:65235565)
[2023-10-09 01:20:37Z INFO ConfigurationManager] Using V2 flow: False
[2023-10-09 01:20:37Z INFO ConfigurationManager] cred retrieved via GitHub auth
[2023-10-09 01:20:37Z INFO RunnerServer] EstablishVssConnection
[2023-10-09 01:20:37Z INFO RunnerServer] Establish connection with 100 seconds timeout.
[2023-10-09 01:20:37Z INFO GitHubActionsService] Starting operation Location.GetConnectionData
[2023-10-09 01:20:37Z INFO RunnerServer] EstablishVssConnection
[2023-10-09 01:20:37Z INFO RunnerServer] Establish connection with 60 seconds timeout.
[2023-10-09 01:20:37Z INFO GitHubActionsService] Starting operation Location.GetConnectionData
[2023-10-09 01:20:37Z INFO RunnerServer] EstablishVssConnection
[2023-10-09 01:20:37Z INFO RunnerServer] Establish connection with 60 seconds timeout.
[2023-10-09 01:20:37Z INFO GitHubActionsService] Starting operation Location.GetConnectionData
[2023-10-09 01:20:38Z INFO GitHubActionsService] Finished operation Location.GetConnectionData
[2023-10-09 01:20:38Z INFO GitHubActionsService] Finished operation Location.GetConnectionData
[2023-10-09 01:20:38Z INFO GitHubActionsService] Finished operation Location.GetConnectionData
[2023-10-09 01:20:38Z INFO Terminal] WRITE LINE: 
[2023-10-09 01:20:38Z INFO ConfigurationManager] Test Connection complete.
[2023-10-09 01:20:38Z INFO HostContext] Well known directory 'Bin': '/home/shreyas/Documents/assignment-1-Shreyas-NR/actions-runner/bin'
[2023-10-09 01:20:38Z INFO HostContext] Well known directory 'Root': '/home/shreyas/Documents/assignment-1-Shreyas-NR/actions-runner'
[2023-10-09 01:20:38Z INFO HostContext] Well known config file 'RSACredentials': '/home/shreyas/Documents/assignment-1-Shreyas-NR/actions-runner/.credentials_rsaparams'
[2023-10-09 01:20:38Z INFO RSAFileKeyManager] Creating new RSA key using 2048-bit key length
[2023-10-09 01:20:38Z INFO RSAFileKeyManager] Successfully saved RSA key parameters to file /home/shreyas/Documents/assignment-1-Shreyas-NR/actions-runner/.credentials_rsaparams
[2023-10-09 01:20:38Z INFO RSAFileKeyManager] Which: 'chmod'
[2023-10-09 01:20:38Z INFO RSAFileKeyManager] Location: '/usr/bin/chmod'
[2023-10-09 01:20:38Z INFO HostContext] Well known directory 'Bin': '/home/shreyas/Documents/assignment-1-Shreyas-NR/actions-runner/bin'
[2023-10-09 01:20:38Z INFO HostContext] Well known directory 'Root': '/home/shreyas/Documents/assignment-1-Shreyas-NR/actions-runner'
[2023-10-09 01:20:38Z INFO ProcessInvokerWrapper] Starting process:
[2023-10-09 01:20:38Z INFO ProcessInvokerWrapper]   File name: '/usr/bin/chmod'
[2023-10-09 01:20:38Z INFO ProcessInvokerWrapper]   Arguments: '600 /home/shreyas/Documents/assignment-1-Shreyas-NR/actions-runner/.credentials_rsaparams'
[2023-10-09 01:20:38Z INFO ProcessInvokerWrapper]   Working directory: '/home/shreyas/Documents/assignment-1-Shreyas-NR/actions-runner'
[2023-10-09 01:20:38Z INFO ProcessInvokerWrapper]   Require exit code zero: 'False'
[2023-10-09 01:20:38Z INFO ProcessInvokerWrapper]   Encoding web name:  ; code page: ''
[2023-10-09 01:20:38Z INFO ProcessInvokerWrapper]   Force kill process on cancellation: 'False'
[2023-10-09 01:20:38Z INFO ProcessInvokerWrapper]   Redirected STDIN: 'False'
[2023-10-09 01:20:38Z INFO ProcessInvokerWrapper]   Persist current code page: 'False'
[2023-10-09 01:20:38Z INFO ProcessInvokerWrapper]   Keep redirected STDIN open: 'False'
[2023-10-09 01:20:38Z INFO ProcessInvokerWrapper]   High priority process: 'False'
[2023-10-09 01:20:38Z INFO ProcessInvokerWrapper] Process started with process id 53137, waiting for process exit.
[2023-10-09 01:20:38Z INFO ProcessInvokerWrapper] STDOUT/STDERR stream read finished.
[2023-10-09 01:20:38Z INFO ProcessInvokerWrapper] STDOUT/STDERR stream read finished.
[2023-10-09 01:20:38Z INFO ProcessInvokerWrapper] Finished process 53137 with exit code 0, and elapsed time 00:00:00.0200996.
[2023-10-09 01:20:38Z INFO RSAFileKeyManager] Successfully set permissions for RSA key parameters file /home/shreyas/Documents/assignment-1-Shreyas-NR/actions-runner/.credentials_rsaparams
[2023-10-09 01:20:39Z INFO CommandSettings] Arg 'runnergroup': ''
[2023-10-09 01:20:39Z INFO CommandSettings] Flag 'unattended': 'False'
[2023-10-09 01:20:39Z INFO PromptManager] ReadValue
[2023-10-09 01:20:39Z INFO Terminal] WRITE: Enter the name of the runner group to add this runner to: 
[2023-10-09 01:20:39Z INFO Terminal] WRITE: [press Enter for Default] 
[2023-10-09 01:20:39Z INFO Terminal] READ LINE
[2023-10-09 01:20:56Z INFO Terminal] Read value: ''
[2023-10-09 01:20:56Z INFO PromptManager] Falling back to the default: 'Default'
[2023-10-09 01:20:56Z INFO Terminal] WRITE LINE: 
[2023-10-09 01:20:56Z INFO ConfigurationManager] Found a self-hosted runner group with id 1 and name Default
[2023-10-09 01:20:56Z INFO CommandSettings] Flag 'disableupdate': 'False'
[2023-10-09 01:20:56Z INFO CommandSettings] Flag 'ephemeral': 'False'
[2023-10-09 01:20:56Z INFO CommandSettings] Arg 'name': ''
[2023-10-09 01:20:56Z INFO CommandSettings] Flag 'unattended': 'False'
[2023-10-09 01:20:56Z INFO PromptManager] ReadValue
[2023-10-09 01:20:56Z INFO Terminal] WRITE: Enter the name of runner: 
[2023-10-09 01:20:56Z INFO Terminal] WRITE: [press Enter for Ubuntu] 
[2023-10-09 01:20:56Z INFO Terminal] READ LINE
[2023-10-09 01:21:10Z INFO Terminal] Read value: ''
[2023-10-09 01:21:10Z INFO PromptManager] Falling back to the default: 'Ubuntu'
[2023-10-09 01:21:10Z INFO Terminal] WRITE LINE: 
[2023-10-09 01:21:10Z INFO CommandSettings] Arg 'labels': ''
[2023-10-09 01:21:10Z INFO CommandSettings] Flag 'unattended': 'False'
[2023-10-09 01:21:10Z INFO PromptManager] ReadValue
[2023-10-09 01:21:10Z INFO Terminal] WRITE: This runner will have the following labels: 'self-hosted', 'Linux', 'X64' 
Enter any additional labels (ex. label-1,label-2): 
[2023-10-09 01:21:10Z INFO Terminal] WRITE: [press Enter to skip] 
[2023-10-09 01:21:10Z INFO Terminal] READ LINE
[2023-10-09 01:21:20Z INFO Terminal] Read value: ''
[2023-10-09 01:21:20Z INFO Terminal] WRITE LINE: 
[2023-10-09 01:21:20Z INFO CommandSettings] Flag 'disableupdate': 'False'
[2023-10-09 01:21:20Z INFO CommandSettings] Flag 'no-default-labels': 'False'
[2023-10-09 01:21:20Z INFO CommandSettings] Flag 'disableupdate': 'False'
[2023-10-09 01:21:20Z INFO CommandSettings] Flag 'ephemeral': 'False'
[2023-10-09 01:21:20Z INFO ConfigurationStore] Saving OAuth credential @ /home/shreyas/Documents/assignment-1-Shreyas-NR/actions-runner/.credentials
[2023-10-09 01:21:20Z INFO ConfigurationStore] Credentials Saved.
[2023-10-09 01:21:20Z INFO ConfigurationStore] HasCredentials()
[2023-10-09 01:21:20Z INFO ConfigurationStore] stored True
[2023-10-09 01:21:20Z INFO CredentialManager] GetCredentialProvider
[2023-10-09 01:21:20Z INFO CredentialManager] Creating type OAuth
[2023-10-09 01:21:20Z INFO CredentialManager] Creating credential type: OAuth
[2023-10-09 01:21:20Z INFO RSAFileKeyManager] Loading RSA key parameters from file /home/shreyas/Documents/assignment-1-Shreyas-NR/actions-runner/.credentials_rsaparams
[2023-10-09 01:21:20Z INFO RunnerServer] EstablishVssConnection
[2023-10-09 01:21:20Z INFO RunnerServer] Establish connection with 100 seconds timeout.
[2023-10-09 01:21:20Z INFO GitHubActionsService] Starting operation Location.GetConnectionData
[2023-10-09 01:21:20Z INFO RunnerServer] EstablishVssConnection
[2023-10-09 01:21:20Z INFO RunnerServer] Establish connection with 60 seconds timeout.
[2023-10-09 01:21:20Z INFO GitHubActionsService] Starting operation Location.GetConnectionData
[2023-10-09 01:21:20Z INFO RunnerServer] EstablishVssConnection
[2023-10-09 01:21:20Z INFO RunnerServer] Establish connection with 60 seconds timeout.
[2023-10-09 01:21:20Z INFO GitHubActionsService] Starting operation Location.GetConnectionData
[2023-10-09 01:21:21Z INFO GitHubActionsService] Finished operation Location.GetConnectionData
[2023-10-09 01:21:21Z INFO GitHubActionsService] Finished operation Location.GetConnectionData
[2023-10-09 01:21:21Z INFO GitHubActionsService] Finished operation Location.GetConnectionData
[2023-10-09 01:21:21Z INFO RSAFileKeyManager] Loading RSA key parameters from file /home/shreyas/Documents/assignment-1-Shreyas-NR/actions-runner/.credentials_rsaparams
[2023-10-09 01:21:21Z INFO RSAFileKeyManager] Loading RSA key parameters from file /home/shreyas/Documents/assignment-1-Shreyas-NR/actions-runner/.credentials_rsaparams
[2023-10-09 01:21:21Z INFO GitHubActionsService] AAD Correlation ID for this token request: Unknown
[2023-10-09 01:21:21Z INFO CommandSettings] Arg 'work': ''
[2023-10-09 01:21:21Z INFO CommandSettings] Flag 'unattended': 'False'
[2023-10-09 01:21:21Z INFO PromptManager] ReadValue
[2023-10-09 01:21:21Z INFO Terminal] WRITE: Enter name of work folder: 
[2023-10-09 01:21:21Z INFO Terminal] WRITE: [press Enter for _work] 
[2023-10-09 01:21:21Z INFO Terminal] READ LINE
[2023-10-09 01:21:25Z INFO Terminal] Read value: ''
[2023-10-09 01:21:25Z INFO PromptManager] Falling back to the default: '_work'
[2023-10-09 01:21:25Z INFO ConfigurationStore] Saving runner settings.
[2023-10-09 01:21:25Z INFO ConfigurationStore] Settings Saved.
[2023-10-09 01:21:25Z INFO Terminal] WRITE LINE: 
[2023-10-09 01:21:25Z INFO Terminal] WRITE LINE: 
[2023-10-09 01:21:25Z INFO SystemDControlManager] Service name 'actions.runner.cu-ecen-aeld-assignment-1-Shreyas-NR.Ubuntu.service' display name 'GitHub Actions Runner (cu-ecen-aeld-assignment-1-Shreyas-NR.Ubuntu)' will be used for service configuration.
[2023-10-09 01:21:25Z INFO HostContext] Well known directory 'Bin': '/home/shreyas/Documents/assignment-1-Shreyas-NR/actions-runner/bin'
[2023-10-09 01:21:25Z INFO HostContext] Well known directory 'Root': '/home/shreyas/Documents/assignment-1-Shreyas-NR/actions-runner'
[2023-10-09 01:21:25Z INFO HostContext] Well known directory 'Bin': '/home/shreyas/Documents/assignment-1-Shreyas-NR/actions-runner/bin'
[2023-10-09 01:21:25Z INFO HostContext] Well known directory 'Bin': '/home/shreyas/Documents/assignment-1-Shreyas-NR/actions-runner/bin'
[2023-10-09 01:21:25Z INFO HostContext] Well known directory 'Root': '/home/shreyas/Documents/assignment-1-Shreyas-NR/actions-runner'
[2023-10-09 01:21:25Z INFO UnixUtil] Which: 'chmod'
[2023-10-09 01:21:25Z INFO UnixUtil] Location: '/usr/bin/chmod'
[2023-10-09 01:21:25Z INFO UnixUtil] Running /usr/bin/chmod 755 "/home/shreyas/Documents/assignment-1-Shreyas-NR/actions-runner/svc.sh"
[2023-10-09 01:21:25Z INFO ProcessInvokerWrapper] Starting process:
[2023-10-09 01:21:25Z INFO ProcessInvokerWrapper]   File name: '/usr/bin/chmod'
[2023-10-09 01:21:25Z INFO ProcessInvokerWrapper]   Arguments: '755 "/home/shreyas/Documents/assignment-1-Shreyas-NR/actions-runner/svc.sh"'
[2023-10-09 01:21:25Z INFO ProcessInvokerWrapper]   Working directory: '/home/shreyas/Documents/assignment-1-Shreyas-NR/actions-runner'
[2023-10-09 01:21:25Z INFO ProcessInvokerWrapper]   Require exit code zero: 'True'
[2023-10-09 01:21:25Z INFO ProcessInvokerWrapper]   Encoding web name:  ; code page: ''
[2023-10-09 01:21:25Z INFO ProcessInvokerWrapper]   Force kill process on cancellation: 'False'
[2023-10-09 01:21:25Z INFO ProcessInvokerWrapper]   Redirected STDIN: 'False'
[2023-10-09 01:21:25Z INFO ProcessInvokerWrapper]   Persist current code page: 'False'
[2023-10-09 01:21:25Z INFO ProcessInvokerWrapper]   Keep redirected STDIN open: 'False'
[2023-10-09 01:21:25Z INFO ProcessInvokerWrapper]   High priority process: 'False'
[2023-10-09 01:21:25Z INFO ProcessInvokerWrapper] Updated oom_score_adj to 500 for PID: 53147.
[2023-10-09 01:21:25Z INFO ProcessInvokerWrapper] Process started with process id 53147, waiting for process exit.
[2023-10-09 01:21:25Z INFO ProcessInvokerWrapper] STDOUT/STDERR stream read finished.
[2023-10-09 01:21:25Z INFO ProcessInvokerWrapper] STDOUT/STDERR stream read finished.
[2023-10-09 01:21:25Z INFO ProcessInvokerWrapper] Finished process 53147 with exit code 0, and elapsed time 00:00:00.0028228.
[2023-10-09 01:21:25Z INFO Listener] Runner execution has finished with return code 0
